59.9241954696889820 6.6923800088431751 -71.2554643662860059
59.6970630516738510 6.6670136865793488 -71.2300941168287380
59.3193964409120298 6.6248355904687646 -71.1879099761926284
58.7924681441138617 6.5659878350346581 -71.1290537360174255
58.1180695605861999 6.4906704851225410 -71.0537250125926079
57.2985666539240839 6.3991477733573312 -70.9621874724949890
56.3369700298999518 6.2917559264956520 -70.8547766704057409
55.2370177772554456 6.1689124171488530 -70.7319093163875294
54.0032688663443778 6.0311263946149385 -70.5940937273243634
52.6412042237231930 5.8790099729661751 -70.4419411415928920
51.1573318070592578 5.7132899658952638 -70.2761774873910241
49.5592911066674517 5.5348195575269195 -70.0976550945436401
47.8559515291715982 5.3445892899804708 -69.9073637308759714
46.0575060393794686 5.1437375213661216 -69.7065614852535873
44.1755349579007301 4.9335575507517468 -69.4965409466201152
42.2230214305869183 4.7154993458017875 -69.2785121851850647
40.2143859522607627 4.4911733984137641 -69.0546868415796098
38.1654259735123986 4.2623439799590539 -68.8263493550403638
36.0931974864722491 4.0309159166913933 -68.5956473010783867
34.0158919603941641 3.7989208458186199 -68.3648526104614689
31.9525628503774861 3.5684866717874559 -68.1351316275092529
29.9228884254937633 3.3418110787471980 -67.9101320401607325
27.9468330348989404 3.1211237004898988 -67.6913624811031269
26.0441717100284045 2.9086330276596986 -67.4803100947054446
24.2341271034249033 2.7064858608032831 -67.2803299137473658
22.5348770066734083 2.5167123095959623 -67.0909248561191021
20.9630830214372565 2.3411731544622878 -66.9164891785231504
19.5335048441208947 2.1815167695920090 -66.7585555771386652
18.2585508533238929 2.0391289322030097 -66.6169437888718647
17.1479661378314390 1.9150979812685414 -66.4933468178573435
16.2086284449234981 1.8101920288682327 -66.3885346555047136
15.4443838733764487 1.7248406102567726 -66.3032979572552961
14.8560217877842966 1.6591318822761041 -66.2379682272526935
14.4413268793511573 1.6128184375445715 -66.1918110512671234
14.1952420200315341 1.5853354921319349 -66.1640188236177380
14.1101602356362186 1.5758334933392781 -66.1549485471065282
14.1761903657832438 1.5832077888056360 -66.1622835899186725
14.3815200539294530 1.6061391655125083 -66.1848250755775354
14.7128617216148534 1.6431436565287654 -66.2215677465328270
15.1558115680479428 1.6926126343590713 -66.2707780373601452
15.6952502472338704 1.7528575588721880 -66.3300423200991247
16.3157425821897881 1.8221546176904391 -66.3993237619296224
17.0018627094223547 1.8987810385737829 -66.4759309929828106
