59.9252489241215756 6.6924976594403951 -71.2555829095659021
59.7012253541385576 6.6674785357039337 -71.2305607510453029
59.3286162326499706 6.6258652638657800 -71.1889423363383145
58.8085790077001391 6.5677871086092949 -71.1308566260024264
58.1427795086691006 6.4934301110344679 -71.0564892398319898
57.3334443667717082 6.4030429430193703 -70.9660883183404252
56.3834269391549370 6.2969442696737916 -70.8599718952913804
55.2962852846119262 6.1755314577266631 -70.7385366198192713
54.0763702336023897 6.0392904112533277 -70.6022676104385738
52.7289209843440574 5.8888062479201961 -70.4517491549878088
51.2601649375027080 5.7247744485993266 -70.2876758901856533
49.6774176636898730 5.5480120218150750 -70.1108640029377455
47.9891780057865489 5.3594681248443869 -69.9222618955222259
46.2052200635840649 5.1602343366318788 -69.7230806843688526
44.3366518199358950 4.9515512052033461 -69.5144415658388937
42.3959614118316068 4.7348134152547035 -69.2979776525778988
40.3970250283867571 4.5115706702055469 -69.0751196533526439
38.3550738679969925 4.2835240019488339 -68.8478112181941100
36.2865889547027507 4.0525140238619990 -68.6172891488526346
34.2092095371706222 3.8205107007350900 -68.3868527797514076
32.1414867766230614 3.5895858404502645 -68.1567638270665839
30.1025962126595026 3.3618809819446431 -67.9296514285287287
28.1121375207424506 3.1395850319731191 -67.7089108645125179
26.1896791877315316 2.9248834141235465 -67.4950437293044843
24.3543537818712572 2.7199128682592444 -67.2916363052234914
22.6244502599670483 2.5267159190724153 -67.0998918088003506
21.0168987255397504 2.3471833334805363 -66.9204949201703556
19.5468768157225021 2.1830101616137787 -66.7573179833142802
18.2274150228607823 2.0356516588292610 -66.6100080347326440
17.0690522415929742 1.9062848169454030 -66.4813122375473995
16.0795439310677502 1.7957757715750260 -66.3710111045058255
15.2636944048257082 1.7046610721309894 -66.2797639363216433
14.6233235732299836 1.6331439675953889 -66.2086170393126991
14.1572677801459701 1.5810944999605889 -66.1574411723040754
13.8615261388051980 1.5480658471304882 -66.1239776762540430
13.7294680861873175 1.5333175027527368 -66.1088097725885007
13.7521277999833718 1.5358481569305058 -66.1109334856874113
13.9185698713479482 1.5544365348352902 -66.1304533562340282
14.2162620405009008 1.5876830241041551 -66.1634318395955887
14.6314930617129288 1.6340563423211103 -66.2093011611976436
15.1497467418345995 1.6919353099262748 -66.2671616605468472
15.7560829256617723 1.7596513989530482 -66.3337723732423115
16.4354699438615874 1.8355258610669010 -66.4090215953756910
17.1730721998061249 1.9179018454830412 -66.4911316210779546
17.9545265599307449 2.0051752664531515 -66.5774098505944494
18.7661555676800802 2.0958186151620444 -66.6675344729259933
19.5951483059061999 2.1884011585787002 -66.7599525971724859
20.4296809691095582 2.2816024050564079 -66.8528613933403051
21.2589632858487363 2.3742172888230106 -66.9460207139834296
22.0733157670150888 2.4651647971273354 -67.0369012043729811
22.8641979230734620 2.5534911215622311 -67.1240664497576631
23.6241741914092422 2.6383658528046094 -67.2092210433520449
24.3469016209156166 2.7190806052207286 -67.2899676615505484
25.0271142821575872 2.7950472757813776 -67.3660805984281978
25.6605759035398044 2.8657927544328530 -67.4369639999821828
26.2439720520494930 2.9309468827598195 -67.5017687185203954
26.7748859057921926 2.9902397482435585 -67.5617915426834941
27.2517428283638843 3.0434954942854304 -67.6151691514350830
27.6737373260039483 3.0906241627258222 -67.6612081141832675
28.0407771747237504 3.1316154539191050 -67.7025545992970450
28.3534163177928740 3.1665312326735480 -67.7370975984970016
28.6127925186560184 3.1954985652813632 -67.7662927684897056
28.8206207807737051 3.2187089846414789 -67.7888831076488856
28.9791249042677634 3.2364108464533308 -67.8062023985210942
29.0909162280374218 3.2488957870435904 -67.8189060046535275
29.1590216426244098 3.2565018518643769 -67.8262451021119972
29.1868613023163093 3.2596110063639032 -67.8304136899736534
29.1781062242124172 3.2586332325411744 -67.8298908022617866
29.1366965596489784 3.2540085695127412 -67.8262032837304218
29.0668276219159871 3.2462055530774201 -67.8183707493017209
28.9728295687994475 3.2357077785705348 -67.8080852225436672
28.8591581240765720 3.2230128646334011 -67.7948763749019463
28.7303458718383560 3.2086270137259967 -67.7798567202701321
28.5909603609194036 3.1930603331976242 -67.7643801542376565
28.4455358544402088 3.1768192130235615 -67.7479884749543970
28.2985099451356596 3.1603992469564415 -67.7310566841373571
28.1541706838476387 3.1442793277958456 -67.7140635424448334
28.0166242525836324 3.1289180370907483 -67.6986756746645568
27.8897725985754903 3.1147511472940854 -67.6835202011748009
27.7772228345463503 3.1021815035152276 -67.6704469863687450
27.6822558774057619 3.0915755210654536 -67.6597001847031976
27.6078248860900146 3.0832630109947621 -67.6505272722592679
27.5564935978238452 3.0775302934383877 -67.6446603832516757
27.5303610443772513 3.0746117898707519 -67.6413678856117571
27.5310696562553368 3.0746909281875827 -67.6410771574822718
27.5597872578168399 3.0778981319069776 -67.6447630463626126
27.6172063416297107 3.0843107391288753 -67.6505718546823545
