51.9623246509378589 5.8031921827445494 -70.3511505957867342
28.9998429158192934 3.2387246498384856 -67.6981327618910314
30.8124724853330321 3.4411605073309368 -67.9083303062132160
31.1838138909942089 3.4826321996953280 -67.9514316905201241
30.5525702727781159 3.4121344293348388 -67.8789079591929720
30.9570477886347923 3.4573067878442658 -67.9255149044955004
31.0670377774536597 3.4695905539686955 -67.9358179410847924
30.1890462263588191 3.3715357856330495 -67.8370688742239736
30.8379358111280091 3.4440042710422940 -67.9075083579244847
30.0494911009480248 3.3559501624284254 -67.8218276165539748
31.3586236704177317 3.5021550896397753 -67.9688676305493118
31.2214905732216259 3.4868399603996973 -67.9515923537089321
30.7397463583691390 3.4330383978157588 -67.8992995932129730
29.8701749575001472 3.3359239983011082 -67.7977656578634367
30.9931023586318446 3.4613333898133778 -67.9313822270098058
30.2110049273921923 3.3739881501690112 -67.8309929053696976
31.0324846586538747 3.4657316352183245 -67.9393267569053734
30.5545143550867735 3.4123515459348370 -67.8755081080917364
30.8699502597202127 3.4475796691610885 -67.9201510934129402
31.0167263896245800 3.4639717396736449 -67.9291760676469352
30.3405664867118041 3.3884576842646954 -67.8509938076913386
29.6995948037042687 3.3168734761836043 -67.7799273729209091
30.9133208053469417 3.4524233248872926 -67.9203039567428135
30.7804082908425656 3.4375795535521547 -67.9097135971962729
31.3829990269878856 3.5048773481155027 -67.9745737560870111
30.3725574817056270 3.3920304630676745 -67.8572390752037791
31.2043294588148186 3.4849233940096873 -67.9500946336254685
29.9592800188392303 3.3458753197417783 -67.8103498917965197
31.4129371990827622 3.5082208660861429 -67.9728345255026198
31.4636473776852945 3.5138842176399594 -67.9836908205541590
29.7365596713090312 3.3210017408861781 -67.7863686132842105
29.7968433016029017 3.3277342628512541 -67.7872052243634471
31.1189011003655267 3.4753826895614566 -67.9388630534782862
30.6450207601157878 3.4224593705112190 -67.8869583630688425
30.5138061552768249 3.4078052230268905 -67.8708162496418197
30.1240603747067617 3.3642781159881752 -67.8210746267892119
29.8786414985210662 3.3368695480815989 -67.7973525326517432
31.3004220407590878 3.4956550870989544 -67.9689529559688026
31.0716197198037634 3.4701022687968237 -67.9421985074484667
31.8468924093130923 3.5566853160619094 -68.0269059131206006
30.0883573683646510 3.3602907769170915 -67.8277017556400779
30.6094599301419201 3.4184879098057452 -67.8920358375691535
30.9783554680053292 3.4596864457827081 -67.9291479819212753
30.6023222778190487 3.4176907713320244 -67.8853653802106152
30.8578333123679442 3.4462264392079298 -67.9116546519228592
31.7105630072379547 3.5414599441079933 -68.0140034171358678
30.3341730104848111 3.3877436559468657 -67.8513307582053926
31.6909132168669814 3.5392654404817714 -68.0127234378531256
30.0417541599874980 3.3550860949410275 -67.8175680636667551
30.3078883682862781 3.3848081669910224 -67.8491454136089800
29.9486527546167345 3.3446884587405772 -67.8091512717553258
30.4080948694109807 3.3959993057226603 -67.8579008855287213
30.2175772765062227 3.3747221551477535 -67.8356568498012820
31.5608515255301860 3.5247400512596672 -67.9921478556323109
30.5392075933857470 3.4106420750741075 -67.8682994911604993
31.3001974708936004 3.4956300069645181 -67.9612479530071454
31.5791378202108604 3.5267822786437404 -68.0012216666454350
30.9358855488837357 3.4549433727138288 -67.9200404309935664
31.0493862144972113 3.4676192139093311 -67.9353294255163718
30.5702096071372544 3.4141044036950969 -67.8852331328505585
30.2390098483444874 3.3771157611725693 -67.8362202463906385
31.5220906303474528 3.5204112048227216 -67.9900939198434173
31.1471553989772545 3.4785381512528639 -67.9455112882634182
30.9354921379888772 3.4548994362840215 -67.9223149727760784
31.6379380878427305 3.5333491375315362 -67.9979763962359556
31.1347294296341914 3.4771504094872849 -67.9488134712294993
30.4301963401462494 3.3984676148881885 -67.8634576557084443
30.9725253268558482 3.4590353311574438 -67.9232244227317494
28.5016005642256687 3.1830805627176026 -67.6414117774752839
30.3848342191343939 3.3934015384988605 -67.8619721414056301
31.1601941079329485 3.4799943242472988 -67.9432436764897290
30.4082793582253359 3.3960199095746333 -67.8586526289208791
31.0628076822829087 3.4691181337028185 -67.9359520011671236
30.6329487120164181 3.4211111549409843 -67.8897806168460392
31.2070992030872283 3.4852327211696603 -67.9534700898436625
31.1299383882340557 3.4766153423172295 -67.9456550138630462
30.7690512980848574 3.4363111959096946 -67.9001874283696054
30.6307797031998348 3.4208689183764491 -67.8786784241013379
29.7355128879850952 3.3208848353234788 -67.7814379607062421
31.2721598413028872 3.4924987430351901 -67.9628757347396260
30.4731172680505580 3.4032610569630695 -67.8720838372304911
31.1132205862341493 3.4747482853960805 -67.9405609238501569
31.5022049955273680 3.5181903619079358 -67.9850799571253788
29.0494076002080881 3.2442600717218877 -67.7011857091510620
30.9632328464210822 3.4579975398311396 -67.9221501431716490
30.5227532944182833 3.4088044463732752 -67.8764516816706731
31.4611817749917293 3.5136088572442654 -67.9777649002484452
30.1124269603288184 3.3629788873676270 -67.8295377607520749
30.4807328206570709 3.4041115677061948 -67.8705685519842774
30.2401905014455892 3.3772476174144308 -67.8378997648489985
30.7239466216260588 3.4312738711250690 -67.9043323586491994
30.6828174544223238 3.4266805342564268 -67.8964236796112459
31.2090484273743378 3.4854504120297469 -67.9555851040069712
31.0762948768141136 3.4706243939095440 -67.9362810792295591
31.7880767657997865 3.5501167399839080 -68.0181093996811938
30.5821037744335840 3.4154327534011193 -67.8795826715076913
29.8777322537005787 3.3367680029242202 -67.7969001412460415
31.3487789684571077 3.5010556257908592 -67.9742095156136088
30.3182268829413104 3.3859627802195549 -67.8511629586802911
30.4645975603482846 3.4023095694869179 -67.8714323140651032
